{"name": "test_search_airmax", "status": "failed", "statusDetails": {"message": "AssertionError: assert 'Robot Check' == 'Amazon.com: ..., DVDs & more'\n  - Robot Check\n  + Amazon.com: Online Shopping for Electronics, Apparel, Computers, Books, DVDs & more", "trace": "env_setup = None\n\n    def test_search_airmax(env_setup):\n        # navigate to Amazon.com home page\n        driver.get(base_url)\n        # verify that website title is Amazon.com\n>       assert driver.title == expected_title\nE       AssertionError: assert 'Robot Check' == 'Amazon.com: ..., DVDs & more'\nE         - Robot Check\nE         + Amazon.com: Online Shopping for Electronics, Apparel, Computers, Books, DVDs & more\n\ntestinterview/amazon/test_search.py:30: AssertionError"}, "start": 1574213779151, "stop": 1574213779609, "uuid": "e49f1bbc-2230-40cf-90ff-5452a97ef1f1", "historyId": "4a3cdf36f1f56dc7c43066bf3e000a70", "testCaseId": "290282ede48352cb7d00a40118460de7", "fullName": "testinterview.amazon.test_search#test_search_airmax", "labels": [{"name": "parentSuite", "value": "testinterview.amazon"}, {"name": "suite", "value": "test_search"}, {"name": "host", "value": "Yulias-MacBook-Pro.local"}, {"name": "thread", "value": "1194-MainThread"}, {"name": "framework", "value": "pytest"}, {"name": "language", "value": "cpython3"}, {"name": "package", "value": "testinterview.amazon.test_search"}]}