{"name": "test_title", "status": "failed", "statusDetails": {"message": "AssertionError: assert 'Robot Check' == 'Amazon.com: ..., DVDs & more'\n  - Robot Check\n  + Amazon.com: Online Shopping for Electronics, Apparel, Computers, Books, DVDs & more", "trace": "env_setup = None\n\n    def test_title(env_setup):\n        # navigate to Amazon.com home page\n        driver.get(base_url)\n        # verify that website title is Amazon.com\n>       assert driver.title == expected_title\nE       AssertionError: assert 'Robot Check' == 'Amazon.com: ..., DVDs & more'\nE         - Robot Check\nE         + Amazon.com: Online Shopping for Electronics, Apparel, Computers, Books, DVDs & more\n\ntestinterview/amazon/test_title.py:31: AssertionError"}, "start": 1574213785168, "stop": 1574213785528, "uuid": "c702a868-ea01-454b-a953-ad458e1da56a", "historyId": "c028d0632590935e18843bb9ace27b21", "testCaseId": "649ce328e374cdb2a69d48c771d26f62", "fullName": "testinterview.amazon.test_title#test_title", "labels": [{"name": "parentSuite", "value": "testinterview.amazon"}, {"name": "suite", "value": "test_title"}, {"name": "host", "value": "Yulias-MacBook-Pro.local"}, {"name": "thread", "value": "1194-MainThread"}, {"name": "framework", "value": "pytest"}, {"name": "language", "value": "cpython3"}, {"name": "package", "value": "testinterview.amazon.test_title"}]}